[2026-04-01T15:41:41.973020+00:00] yggdrasil-mock.INFO: Meta endpoint request [] []
[2026-04-01T15:43:50.487717+00:00] yggdrasil-mock.INFO: Meta endpoint request [] []
[2026-04-01T15:46:32.779615+00:00] yggdrasil-mock.INFO: Meta endpoint request [] []
[2026-04-01T15:47:31.337083+00:00] yggdrasil-mock.INFO: Meta endpoint request [] []
[2026-04-01T15:51:01.881518+00:00] yggdrasil-mock.INFO: Meta endpoint request [] []
[2026-04-01T15:51:31.181411+00:00] yggdrasil-mock.INFO: Meta endpoint request [] []
[2026-04-01T15:51:46.993414+00:00] yggdrasil-mock.INFO: Meta endpoint request [] []
[2026-04-01T15:52:41.990147+00:00] yggdrasil-mock.INFO: Meta endpoint request [] []
[2026-04-01T15:55:48.991387+00:00] yggdrasil-mock.INFO: Authenticate request {"username":"test@example.com"} []
[2026-04-01T15:56:01.703027+00:00] yggdrasil-mock.INFO: Get profile request {"uuid":"5ed757419e1c42e99c9b834465adcf7c"} []
[2026-04-01T15:59:33.659859+00:00] yggdrasil-mock.INFO: Meta endpoint request [] []
[2026-04-01T15:59:45.232810+00:00] yggdrasil-mock.INFO: Meta endpoint request [] []
[2026-04-01T16:00:30.376798+00:00] yggdrasil-mock.INFO: Authenticate request {"username":"demo@demo.com"} []
[2026-04-01T16:00:33.858586+00:00] yggdrasil-mock.INFO: Authenticate request {"username":"demo@demo.com"} []
[2026-04-01T16:00:34.890309+00:00] yggdrasil-mock.INFO: Authenticate request {"username":"demo@demo.com"} []
[2026-04-01T16:00:35.293526+00:00] yggdrasil-mock.INFO: Authenticate request {"username":"demo@demo.com"} []
[2026-04-01T16:00:35.778898+00:00] yggdrasil-mock.INFO: Authenticate request {"username":"demo@demo.com"} []
[2026-04-01T16:00:36.447201+00:00] yggdrasil-mock.INFO: Authenticate request {"username":"demo@demo.com"} []
[2026-04-01T16:00:36.888309+00:00] yggdrasil-mock.INFO: Authenticate request {"username":"demo@demo.com"} []
[2026-04-01T16:00:37.375663+00:00] yggdrasil-mock.INFO: Authenticate request {"username":"demo@demo.com"} []
[2026-04-01T16:00:37.828711+00:00] yggdrasil-mock.INFO: Authenticate request {"username":"demo@demo.com"} []
[2026-04-01T16:00:38.262828+00:00] yggdrasil-mock.INFO: Authenticate request {"username":"demo@demo.com"} []
[2026-04-01T16:00:38.706494+00:00] yggdrasil-mock.INFO: Authenticate request {"username":"demo@demo.com"} []
[2026-04-01T16:00:39.182749+00:00] yggdrasil-mock.INFO: Authenticate request {"username":"demo@demo.com"} []
[2026-04-01T16:00:39.573098+00:00] yggdrasil-mock.INFO: Authenticate request {"username":"demo@demo.com"} []
[2026-04-04T14:58:37.561031+00:00] yggdrasil-mock.INFO: Meta endpoint request [] []
[2026-04-04T14:58:43.860624+00:00] yggdrasil-mock.INFO: Authenticate request {"username":"test@example.com"} []
[2026-04-04T14:58:51.359183+00:00] yggdrasil-mock.INFO: Refresh token request [] []
[2026-04-04T14:58:56.668960+00:00] yggdrasil-mock.INFO: Validate token request [] []
[2026-04-04T14:59:02.348075+00:00] yggdrasil-mock.INFO: Has joined request {"username":"TestPlayer","serverId":"test-server-id"} []
[2026-04-04T14:59:08.735770+00:00] yggdrasil-mock.INFO: Batch profiles request {"names":["Player1","Player2"]} []
